TN:
SF:src/VaultWrBTC.sol
DA:37,7
FN:37,VaultWrBTC.onlyToken
FNDA:7,VaultWrBTC.onlyToken
DA:38,7
BRDA:38,0,0,-
DA:42,1
FN:42,VaultWrBTC.onlyOracle
FNDA:1,VaultWrBTC.onlyOracle
DA:43,1
BRDA:43,1,0,-
DA:47,9
FN:47,VaultWrBTC.constructor
FNDA:9,VaultWrBTC.constructor
DA:48,9
BRDA:48,2,0,-
BRDA:48,2,1,9
DA:49,9
DA:50,9
DA:54,7
FN:54,VaultWrBTC.onWrap
FNDA:7,VaultWrBTC.onWrap
DA:55,7
DA:56,7
DA:57,7
DA:58,7
DA:62,2
FN:62,VaultWrBTC.redeem
FNDA:2,VaultWrBTC.redeem
DA:63,2
BRDA:63,3,0,-
DA:64,2
DA:65,2
DA:66,2
DA:70,1
FN:70,VaultWrBTC.slashFromOracle
FNDA:1,VaultWrBTC.slashFromOracle
DA:71,1
BRDA:71,4,0,-
DA:72,1
DA:73,1
DA:77,1
FN:77,VaultWrBTC.transfer
FNDA:1,VaultWrBTC.transfer
DA:78,1
BRDA:78,5,0,-
DA:79,1
DA:80,1
DA:83,1
FN:83,VaultWrBTC.approve
FNDA:1,VaultWrBTC.approve
DA:84,1
DA:85,1
DA:86,1
DA:89,1
FN:89,VaultWrBTC.transferFrom
FNDA:1,VaultWrBTC.transferFrom
DA:90,1
DA:91,1
BRDA:91,6,0,-
DA:92,1
BRDA:92,7,0,-
DA:93,1
BRDA:93,8,0,1
DA:94,1
DA:95,1
DA:99,2
FN:99,VaultWrBTC._move
FNDA:2,VaultWrBTC._move
DA:101,2
DA:102,2
DA:104,2
DA:107,3
FN:107,VaultWrBTC._burn
FNDA:3,VaultWrBTC._burn
DA:109,3
DA:110,3
DA:112,3
FNF:11
FNH:11
LF:45
LH:45
BRF:10
BRH:2
end_of_record
TN:
SF:src/rBTCOracle.sol
DA:25,0
FN:25,MerkleProof.verify
FNDA:0,MerkleProof.verify
DA:26,0
DA:27,0
DA:28,0
DA:29,0
DA:32,0
DA:66,0
FN:66,rBTCOracle.onlyOwner
FNDA:0,rBTCOracle.onlyOwner
DA:67,0
BRDA:67,0,0,-
DA:71,129078
FN:71,rBTCOracle.onlyOperatorM
FNDA:129078,rBTCOracle.onlyOperatorM
DA:72,129078
BRDA:72,1,0,128305
DA:76,6
FN:76,rBTCOracle.constructor
FNDA:6,rBTCOracle.constructor
DA:77,6
BRDA:77,2,0,-
BRDA:77,2,1,6
DA:78,6
DA:79,6
DA:81,6
DA:82,6
DA:84,6
BRDA:84,3,0,-
DA:85,0
DA:86,0
DA:89,6
DA:90,6
DA:96,0
FN:96,rBTCOracle.setOwner
FNDA:0,rBTCOracle.setOwner
DA:97,0
DA:98,0
DA:102,0
FN:102,rBTCOracle.setOperator
FNDA:0,rBTCOracle.setOperator
DA:103,0
DA:104,0
DA:108,0
FN:108,rBTCOracle.setMerkleRoot
FNDA:0,rBTCOracle.setMerkleRoot
DA:109,0
DA:110,0
DA:116,0
FN:116,rBTCOracle.verifiedTotalSats
FNDA:0,rBTCOracle.verifiedTotalSats
DA:118,0
DA:122,0
FN:122,rBTCOracle.verifyBinding
FNDA:0,rBTCOracle.verifyBinding
DA:129,0
DA:130,0
DA:134,0
FN:134,rBTCOracle.isBacked
FNDA:0,rBTCOracle.isBacked
DA:136,0
DA:150,129078
FN:150,rBTCOracle.syncVerifiedTotal
FNDA:129078,rBTCOracle.syncVerifiedTotal
DA:151,773
DA:153,773
BRDA:153,4,0,504
BRDA:153,4,1,122
DA:155,504
DA:156,269
BRDA:156,5,0,249
DA:157,249
DA:160,249
DA:161,249
DA:162,249
BRDA:162,6,0,249
DA:163,249
DA:164,249
DA:168,249
BRDA:168,7,0,122
DA:169,122
DA:170,122
DA:174,773
BRDA:174,8,0,773
FNF:11
FNH:3
LF:52
LH:26
BRF:11
BRH:8
end_of_record
TN:
SF:src/rBTCSYNTH.sol
DA:39,2
FN:39,rBTCSYNTH.onlyOracle
FNDA:2,rBTCSYNTH.onlyOracle
DA:40,2
BRDA:40,0,0,-
DA:44,2
FN:44,rBTCSYNTH.onlyVault
FNDA:2,rBTCSYNTH.onlyVault
DA:45,2
BRDA:45,1,0,-
DA:49,10
FN:49,rBTCSYNTH.constructor
FNDA:10,rBTCSYNTH.constructor
DA:50,10
BRDA:50,2,0,-
BRDA:50,2,1,10
DA:51,10
DA:55,6
FN:55,rBTCSYNTH.freeBalanceOf
FNDA:6,rBTCSYNTH.freeBalanceOf
DA:56,6
DA:59,5
FN:59,rBTCSYNTH.escrowOf
FNDA:5,rBTCSYNTH.escrowOf
DA:60,5
DA:63,0
FN:63,rBTCSYNTH.totalBackedOf
FNDA:0,rBTCSYNTH.totalBackedOf
DA:64,0
DA:67,0
FN:67,rBTCSYNTH.totalSupply
FNDA:0,rBTCSYNTH.totalSupply
DA:70,0
DA:74,9
FN:74,rBTCSYNTH.setVault
FNDA:9,rBTCSYNTH.setVault
DA:75,9
BRDA:75,3,0,-
DA:76,9
BRDA:76,4,0,-
BRDA:76,4,1,9
DA:77,9
DA:78,9
DA:82,5
FN:82,rBTCSYNTH.freezeVaultAddress
FNDA:5,rBTCSYNTH.freezeVaultAddress
DA:83,5
DA:87,8
FN:87,rBTCSYNTH.wrap
FNDA:8,rBTCSYNTH.wrap
DA:88,8
BRDA:88,5,0,1
DA:89,7
BRDA:89,6,0,-
DA:91,7
DA:92,7
DA:94,7
DA:95,7
DA:99,2
FN:99,rBTCSYNTH.unwrapFromVault
FNDA:2,rBTCSYNTH.unwrapFromVault
DA:100,2
BRDA:100,7,0,-
DA:101,2
DA:102,2
DA:103,2
DA:107,9
FN:107,rBTCSYNTH.mintFromOracle
FNDA:9,rBTCSYNTH.mintFromOracle
DA:108,9
DA:109,9
DA:112,2
FN:112,rBTCSYNTH.burnFromOracle
FNDA:2,rBTCSYNTH.burnFromOracle
DA:113,2
BRDA:113,8,0,1
DA:114,1
DA:115,1
DA:119,2
FN:119,rBTCSYNTH.debitEscrowFromOracle
FNDA:2,rBTCSYNTH.debitEscrowFromOracle
DA:120,2
BRDA:120,9,0,1
DA:121,1
DA:122,1
DA:126,1
FN:126,rBTCSYNTH.transfer
FNDA:1,rBTCSYNTH.transfer
DA:127,1
DA:130,1
FN:130,rBTCSYNTH.approve
FNDA:1,rBTCSYNTH.approve
DA:131,1
DA:134,1
FN:134,rBTCSYNTH.transferFrom
FNDA:1,rBTCSYNTH.transferFrom
DA:135,1
DA:138,0
FN:138,rBTCSYNTH.allowance
FNDA:0,rBTCSYNTH.allowance
DA:139,0
FNF:18
FNH:15
LF:53
LH:47
BRF:12
BRH:5
end_of_record
TN:
SF:test/Oracle_Invariant.t.sol
DA:31,64021
FN:31,MockRBTCToken.freeBalanceOf
FNDA:64021,MockRBTCToken.freeBalanceOf
DA:32,64021
DA:35,259
FN:35,MockRBTCToken.escrowOf
FNDA:259,MockRBTCToken.escrowOf
DA:36,259
DA:39,258276
FN:39,MockRBTCToken.totalBackedOf
FNDA:258276,MockRBTCToken.totalBackedOf
DA:40,258276
DA:43,504
FN:43,MockRBTCToken.mintFromOracle
FNDA:504,MockRBTCToken.mintFromOracle
DA:44,504
DA:47,249
FN:47,MockRBTCToken.burnFromOracle
FNDA:249,MockRBTCToken.burnFromOracle
DA:48,249
DA:51,122
FN:51,MockRBTCToken.debitEscrowFromOracle
FNDA:122,MockRBTCToken.debitEscrowFromOracle
DA:52,122
DA:55,257
FN:55,MockRBTCToken.wrap
FNDA:257,MockRBTCToken.wrap
DA:56,257
BRDA:56,0,0,-
BRDA:56,0,1,257
DA:57,257
DA:58,257
DA:66,0
FN:66,MockVault.slashFromOracle
FNDA:0,MockVault.slashFromOracle
DA:67,0
BRDA:67,0,0,-
BRDA:67,0,1,-
DA:68,0
DA:69,0
DA:72,0
FN:72,MockVault.onWrap
FNDA:0,MockVault.onWrap
DA:73,0
DA:74,0
DA:77,0
FN:77,MockVault.total
FNDA:0,MockVault.total
DA:78,0
DA:90,2
FN:90,Handler.constructor
FNDA:2,Handler.constructor
DA:91,2
DA:92,2
DA:93,2
DA:94,2
DA:97,256478
FN:97,Handler.act
FNDA:256478,Handler.act
DA:99,256478
DA:100,256478
DA:102,256478
BRDA:102,0,0,65112
BRDA:102,0,1,-
DA:104,65112
DA:105,65112
DA:106,191366
BRDA:106,1,0,64660
BRDA:106,1,1,-
DA:108,64660
DA:109,0
DA:110,0
DA:111,126706
BRDA:111,3,0,63513
BRDA:111,3,1,-
DA:113,63513
DA:114,63513
DA:115,0
DA:116,0
DA:117,0
DA:120,63193
FNF:12
FNH:9
LF:47
LH:33
BRF:10
BRH:4
end_of_record
TN:
SF:test/Oracle_Sync_Unit.t.sol
DA:27,0
FN:27,MockRBTCToken.freeBalanceOf
FNDA:0,MockRBTCToken.freeBalanceOf
DA:28,0
DA:31,0
FN:31,MockRBTCToken.escrowOf
FNDA:0,MockRBTCToken.escrowOf
DA:32,0
DA:35,0
FN:35,MockRBTCToken.totalBackedOf
FNDA:0,MockRBTCToken.totalBackedOf
DA:36,0
DA:39,0
FN:39,MockRBTCToken.mintFromOracle
FNDA:0,MockRBTCToken.mintFromOracle
DA:40,0
DA:43,0
FN:43,MockRBTCToken.burnFromOracle
FNDA:0,MockRBTCToken.burnFromOracle
DA:44,0
DA:47,0
FN:47,MockRBTCToken.debitEscrowFromOracle
FNDA:0,MockRBTCToken.debitEscrowFromOracle
DA:48,0
DA:52,0
FN:52,MockRBTCToken.wrap
FNDA:0,MockRBTCToken.wrap
DA:53,0
BRDA:53,0,0,-
BRDA:53,0,1,-
DA:54,0
DA:55,0
DA:63,122
FN:63,MockVault.slashFromOracle
FNDA:122,MockVault.slashFromOracle
DA:64,122
BRDA:64,0,0,-
BRDA:64,0,1,122
DA:65,122
DA:66,122
DA:70,257
FN:70,MockVault.onWrap
FNDA:257,MockVault.onWrap
DA:71,257
DA:72,257
FNF:9
FNH:2
LF:23
LH:7
BRF:4
BRH:1
end_of_record
